
  .   ____          _            __ _ _
 /\\ / ___'_ __ _ _(_)_ __  __ _ \ \ \ \
( ( )\___ | '_ | '_| | '_ \/ _` | \ \ \ \
 \\/  ___)| |_)| | | | | || (_| |  ) ) ) )
  '  |____| .__|_| |_|_| |_\__, | / / / /
 =========|_|==============|___/=/_/_/_/
 :: Spring Boot ::        (v2.2.4.RELEASE)

2020-08-16 19:20:52.740  INFO 16592 --- [           main] notecoin.inventory.Application           : Starting Application v0.0.1-SNAPSHOT on cawa with PID 16592 (D:\workshop\it\git-int\notecoin\bin\notecoin-backend.jar started by user in D:\workshop\it\git-int\notecoin\bin)
2020-08-16 19:20:52.742  INFO 16592 --- [           main] notecoin.inventory.Application           : No active profile set, falling back to default profiles: default
2020-08-16 19:20:53.519  INFO 16592 --- [           main] .s.d.r.c.RepositoryConfigurationDelegate : Bootstrapping Spring Data JPA repositories in DEFAULT mode.
2020-08-16 19:20:53.589  INFO 16592 --- [           main] .s.d.r.c.RepositoryConfigurationDelegate : Finished Spring Data repository scanning in 60ms. Found 3 JPA repository interfaces.
2020-08-16 19:20:53.958  INFO 16592 --- [           main] trationDelegate$BeanPostProcessorChecker : Bean 'org.springframework.transaction.annotation.ProxyTransactionManagementConfiguration' of type [org.springframework.transaction.annotation.ProxyTransactionManagementConfiguration] is not eligible for getting processed by all BeanPostProcessors (for example: not eligible for auto-proxying)
2020-08-16 19:20:54.274  INFO 16592 --- [           main] o.s.b.w.embedded.tomcat.TomcatWebServer  : Tomcat initialized with port(s): 8080 (http)
2020-08-16 19:20:54.284  INFO 16592 --- [           main] o.apache.catalina.core.StandardService   : Starting service [Tomcat]
2020-08-16 19:20:54.284  INFO 16592 --- [           main] org.apache.catalina.core.StandardEngine  : Starting Servlet engine: [Apache Tomcat/9.0.30]
2020-08-16 19:20:54.344  INFO 16592 --- [           main] o.a.c.c.C.[Tomcat].[localhost].[/]       : Initializing Spring embedded WebApplicationContext
2020-08-16 19:20:54.344  INFO 16592 --- [           main] o.s.web.context.ContextLoader            : Root WebApplicationContext: initialization completed in 1552 ms
2020-08-16 19:20:54.389  INFO 16592 --- [           main] com.zaxxer.hikari.HikariDataSource       : HikariPool-1 - Starting...
2020-08-16 19:20:54.683  INFO 16592 --- [           main] com.zaxxer.hikari.HikariDataSource       : HikariPool-1 - Start completed.
2020-08-16 19:20:54.693  INFO 16592 --- [           main] o.s.b.a.h2.H2ConsoleAutoConfiguration    : H2 console available at '/h2'. Database available at 'jdbc:h2:file:./target/h2db/db'
2020-08-16 19:20:54.792  INFO 16592 --- [           main] o.f.c.internal.license.VersionPrinter    : Flyway Community Edition 6.0.8 by Redgate
2020-08-16 19:20:54.813  INFO 16592 --- [           main] o.f.c.internal.database.DatabaseFactory  : Database: jdbc:h2:file:./target/h2db/db (H2 1.4)
2020-08-16 19:20:54.843  WARN 16592 --- [           main] o.f.c.internal.database.base.Database    : Flyway upgrade recommended: H2 1.4.200 is newer than this version of Flyway and support has not been tested. The latest supported version of H2 is 1.4.199.
2020-08-16 19:20:54.880  INFO 16592 --- [           main] o.f.core.internal.command.DbValidate     : Successfully validated 5 migrations (execution time 00:00.024s)
2020-08-16 19:20:54.893  INFO 16592 --- [           main] o.f.c.i.s.JdbcTableSchemaHistory         : Creating Schema History table "PUBLIC"."flyway_schema_history" ...
2020-08-16 19:20:54.929  INFO 16592 --- [           main] o.f.core.internal.command.DbMigrate      : Current version of schema "PUBLIC": << Empty Schema >>
2020-08-16 19:20:54.932  INFO 16592 --- [           main] o.f.core.internal.command.DbMigrate      : Migrating schema "PUBLIC" to version 1 - Initial
2020-08-16 19:20:54.949  INFO 16592 --- [           main] o.f.core.internal.command.DbMigrate      : Migrating schema "PUBLIC" to version 2 - InventoryName
2020-08-16 19:20:54.965  INFO 16592 --- [           main] o.f.core.internal.command.DbMigrate      : Migrating schema "PUBLIC" to version 3 - InventoryCategory
2020-08-16 19:20:54.990  INFO 16592 --- [           main] o.f.core.internal.command.DbMigrate      : Migrating schema "PUBLIC" to version 4 - InventoryQuantity
2020-08-16 19:20:55.005  INFO 16592 --- [           main] o.f.core.internal.command.DbMigrate      : Migrating schema "PUBLIC" to version 5 - PatchBug1
2020-08-16 19:20:55.018  INFO 16592 --- [           main] o.f.core.internal.command.DbMigrate      : Successfully applied 5 migrations to schema "PUBLIC" (execution time 00:00.095s)
2020-08-16 19:20:55.095  INFO 16592 --- [           main] o.hibernate.jpa.internal.util.LogHelper  : HHH000204: Processing PersistenceUnitInfo [name: default]
2020-08-16 19:20:55.168  INFO 16592 --- [           main] org.hibernate.Version                    : HHH000412: Hibernate Core {5.4.10.Final}
2020-08-16 19:20:55.303  INFO 16592 --- [           main] o.hibernate.annotations.common.Version   : HCANN000001: Hibernate Commons Annotations {5.1.0.Final}
2020-08-16 19:20:55.429  INFO 16592 --- [           main] org.hibernate.dialect.Dialect            : HHH000400: Using dialect: org.hibernate.dialect.H2Dialect
2020-08-16 19:20:56.082  INFO 16592 --- [           main] o.h.e.t.j.p.i.JtaPlatformInitiator       : HHH000490: Using JtaPlatform implementation: [org.hibernate.engine.transaction.jta.platform.internal.NoJtaPlatform]
2020-08-16 19:20:56.089  INFO 16592 --- [           main] j.LocalContainerEntityManagerFactoryBean : Initialized JPA EntityManagerFactory for persistence unit 'default'
2020-08-16 19:20:56.763  WARN 16592 --- [           main] JpaBaseConfiguration$JpaWebConfiguration : spring.jpa.open-in-view is enabled by default. Therefore, database queries may be performed during view rendering. Explicitly configure spring.jpa.open-in-view to disable this warning
2020-08-16 19:20:56.902  INFO 16592 --- [           main] pertySourcedRequestMappingHandlerMapping : Mapped URL path [/v2/api-docs] onto method [springfox.documentation.swagger2.web.Swagger2Controller#getDocumentation(String, HttpServletRequest)]
2020-08-16 19:20:57.004  INFO 16592 --- [           main] o.s.s.concurrent.ThreadPoolTaskExecutor  : Initializing ExecutorService 'applicationTaskExecutor'
2020-08-16 19:20:57.365  INFO 16592 --- [           main] d.s.w.p.DocumentationPluginsBootstrapper : Context refreshed
2020-08-16 19:20:57.397  INFO 16592 --- [           main] d.s.w.p.DocumentationPluginsBootstrapper : Found 1 custom documentation plugin(s)
2020-08-16 19:20:57.451  INFO 16592 --- [           main] s.d.s.w.s.ApiListingReferenceScanner     : Scanning for api listing references
2020-08-16 19:20:57.697  INFO 16592 --- [           main] o.s.b.w.embedded.tomcat.TomcatWebServer  : Tomcat started on port(s): 8080 (http) with context path ''
2020-08-16 19:20:57.699  INFO 16592 --- [           main] notecoin.inventory.Application           : Started Application in 5.377 seconds (JVM running for 5.806)
2020-08-16 19:20:57.775  INFO 16592 --- [nio-8080-exec-4] o.a.c.c.C.[Tomcat].[localhost].[/]       : Initializing Spring DispatcherServlet 'dispatcherServlet'
2020-08-16 19:20:57.775  INFO 16592 --- [nio-8080-exec-4] o.s.web.servlet.DispatcherServlet        : Initializing Servlet 'dispatcherServlet'
2020-08-16 19:20:57.788  INFO 16592 --- [nio-8080-exec-4] o.s.web.servlet.DispatcherServlet        : Completed initialization in 12 ms
2020-08-16 19:21:04.433  INFO 16592 --- [extShutdownHook] o.s.s.concurrent.ThreadPoolTaskExecutor  : Shutting down ExecutorService 'applicationTaskExecutor'
2020-08-16 19:21:04.436  INFO 16592 --- [extShutdownHook] j.LocalContainerEntityManagerFactoryBean : Closing JPA EntityManagerFactory for persistence unit 'default'
2020-08-16 19:21:04.438  INFO 16592 --- [extShutdownHook] com.zaxxer.hikari.HikariDataSource       : HikariPool-1 - Shutdown initiated...
2020-08-16 19:21:04.440  INFO 16592 --- [extShutdownHook] com.zaxxer.hikari.HikariDataSource       : HikariPool-1 - Shutdown completed.
